SF:lib\classes\arrival_and_departure.dart
DA:23,2
LF:1
LH:1
end_of_record
SF:lib\classes\route.dart
DA:9,1
LF:1
LH:1
end_of_record
SF:lib\classes\stop.dart
DA:20,2
DA:31,2
DA:32,2
DA:34,2
DA:35,6
DA:37,0
DA:38,0
DA:39,0
DA:40,0
DA:43,1
DA:44,2
DA:46,0
DA:47,0
DA:48,0
DA:49,0
DA:51,0
DA:52,0
DA:54,0
DA:55,0
DA:57,0
DA:58,0
DA:60,0
DA:64,0
DA:68,0
DA:70,0
DA:74,0
DA:81,0
DA:88,0
DA:93,0
DA:114,1
DA:116,4
DA:117,2
DA:119,1
DA:121,2
DA:122,3
DA:123,3
DA:124,4
DA:125,3
DA:127,4
DA:129,4
DA:130,3
DA:131,3
DA:133,4
DA:135,4
DA:137,4
DA:139,4
DA:140,4
DA:142,4
DA:144,4
DA:146,4
DA:148,4
DA:152,2
DA:153,1
DA:159,3
LF:54
LH:32
end_of_record
SF:lib\classes\trip_status.dart
DA:25,2
LF:1
LH:1
end_of_record
SF:lib\classes\user.dart
DA:8,1
DA:16,1
DA:17,1
DA:18,1
DA:19,1
DA:20,1
DA:21,1
DA:22,1
DA:26,1
DA:27,2
DA:28,2
DA:29,2
DA:30,2
DA:31,2
LF:14
LH:14
end_of_record
SF:lib\classes\vehicle.dart
DA:10,1
LF:1
LH:1
end_of_record
SF:lib\classes\old_stops.dart
DA:16,1
LF:1
LH:1
end_of_record
SF:lib\classes\old_stops.g.dart
DA:13,0
DA:15,0
DA:16,0
DA:17,0
DA:19,0
DA:20,0
DA:21,0
DA:22,0
DA:23,0
DA:27,0
DA:30,0
DA:31,0
DA:32,0
DA:33,0
DA:34,0
DA:35,0
DA:36,0
DA:37,0
DA:38,0
DA:41,0
DA:42,0
DA:44,0
DA:47,0
DA:48,0
DA:49,0
LF:25
LH:0
end_of_record
SF:lib\classes\fav_route.dart
DA:5,1
DA:7,1
DA:8,3
DA:11,1
DA:12,3
LF:5
LH:5
end_of_record
SF:lib\provider\route_provider.dart
DA:14,1
DA:15,2
DA:16,1
DA:19,1
DA:20,1
DA:21,1
DA:24,1
DA:25,1
DA:28,1
DA:29,2
DA:30,1
DA:38,1
DA:41,1
DA:42,2
DA:43,1
LF:15
LH:15
end_of_record
SF:lib\provider\state_info.dart
DA:17,2
DA:18,2
DA:37,4
DA:38,8
DA:39,4
DA:40,2
DA:41,6
DA:42,2
DA:43,0
DA:45,0
DA:46,0
DA:48,0
DA:49,0
DA:53,0
DA:56,0
DA:59,0
DA:67,2
DA:68,2
DA:69,2
DA:71,1
DA:72,3
DA:75,2
DA:76,1
DA:80,1
DA:83,1
DA:85,3
DA:86,3
DA:88,5
DA:89,5
DA:91,6
DA:92,9
DA:93,5
DA:94,1
DA:96,2
DA:97,1
DA:100,1
DA:102,1
DA:105,4
DA:107,2
DA:108,2
DA:109,3
DA:110,2
DA:111,2
DA:112,4
DA:118,1
DA:119,2
DA:120,2
DA:122,2
DA:123,0
DA:124,0
DA:126,0
DA:127,0
DA:130,1
DA:133,1
DA:134,1
DA:135,4
DA:136,2
DA:137,1
DA:138,2
DA:139,1
DA:143,1
DA:144,3
DA:145,4
DA:146,4
DA:149,3
DA:151,0
DA:155,3
DA:157,1
DA:158,1
DA:159,1
DA:160,1
DA:161,1
DA:162,1
DA:163,3
DA:166,1
DA:168,3
DA:173,1
DA:174,3
DA:175,4
DA:176,4
DA:179,3
DA:181,0
DA:185,3
DA:186,3
DA:187,4
DA:189,1
DA:190,1
DA:191,1
DA:192,1
DA:193,1
DA:195,1
DA:206,1
DA:207,1
DA:208,4
DA:209,2
DA:210,1
DA:211,2
DA:212,1
DA:216,1
DA:218,2
DA:219,2
DA:221,4
DA:223,2
DA:224,1
DA:225,2
DA:226,3
DA:228,1
DA:231,1
DA:232,3
DA:236,3
DA:238,0
DA:243,3
DA:245,0
DA:248,3
DA:251,3
DA:253,0
DA:256,3
DA:258,3
DA:267,1
DA:268,1
DA:271,2
DA:275,4
DA:278,1
DA:281,2
DA:283,1
DA:284,1
DA:285,2
DA:287,1
DA:288,1
DA:292,1
DA:293,1
DA:296,3
DA:297,1
DA:300,1
DA:301,1
DA:305,1
DA:311,1
DA:313,0
DA:316,1
DA:317,1
DA:321,0
DA:322,0
DA:323,0
DA:324,0
DA:325,0
DA:327,0
DA:328,0
DA:330,0
DA:331,0
DA:333,0
DA:336,0
DA:337,0
DA:341,0
DA:347,2
DA:348,1
DA:351,1
DA:353,2
DA:357,1
DA:358,1
DA:359,1
DA:361,1
DA:364,1
DA:365,1
DA:366,1
DA:367,3
DA:368,3
LF:166
LH:135
end_of_record
SF:lib\OneBusAway\routes.dart
DA:4,1
DA:5,1
DA:8,0
DA:9,0
DA:12,0
DA:13,0
DA:16,1
DA:17,1
DA:20,0
DA:21,0
DA:24,0
DA:25,0
DA:28,1
DA:29,1
DA:32,1
DA:33,1
DA:36,1
DA:37,1
DA:40,0
DA:41,0
LF:20
LH:10
end_of_record
SF:lib\classes\auth.dart
DA:4,1
DA:7,3
DA:9,0
DA:11,1
DA:15,2
DA:19,0
DA:23,0
DA:27,0
DA:28,0
LF:9
LH:4
end_of_record
SF:lib\Pages\favorites_screen.dart
DA:17,2
DA:19,1
DA:20,1
DA:24,1
DA:26,1
DA:27,1
DA:28,1
DA:31,1
DA:32,1
DA:36,1
DA:37,1
DA:38,1
DA:39,1
DA:41,1
DA:42,1
DA:43,1
DA:44,1
DA:45,1
DA:52,2
DA:53,0
DA:54,0
DA:55,0
DA:56,0
DA:57,0
DA:58,0
DA:59,0
LF:26
LH:19
end_of_record
SF:lib\Pages\login_screen.dart
DA:9,2
DA:11,1
DA:12,1
DA:22,1
DA:24,1
DA:25,4
DA:26,0
DA:27,0
DA:28,0
DA:33,0
DA:35,0
DA:36,0
DA:37,0
DA:38,0
DA:39,0
DA:40,0
DA:45,1
DA:49,0
DA:52,0
DA:56,0
DA:62,1
DA:63,1
DA:67,1
DA:73,1
DA:74,1
DA:78,1
DA:84,1
DA:85,1
DA:86,2
DA:91,1
DA:92,1
DA:94,1
DA:95,1
DA:96,1
DA:98,0
DA:101,2
DA:105,1
DA:106,1
DA:108,0
DA:109,0
DA:110,0
DA:113,2
DA:117,1
DA:119,1
DA:120,1
DA:121,1
DA:122,1
DA:124,1
DA:125,1
DA:127,1
DA:130,1
DA:131,1
DA:132,2
DA:133,2
DA:134,1
DA:135,2
DA:136,1
LF:57
LH:40
end_of_record
SF:lib\Pages\maps_screen.dart
DA:18,3
DA:20,1
DA:21,1
DA:34,1
DA:36,1
DA:37,3
DA:38,1
DA:39,1
DA:44,1
DA:46,1
DA:47,1
DA:49,1
DA:50,1
DA:51,1
DA:53,3
DA:55,3
DA:56,1
DA:58,0
DA:59,0
DA:60,0
DA:64,1
DA:67,1
DA:68,2
DA:69,3
DA:73,1
DA:74,1
DA:75,0
DA:76,0
DA:78,0
DA:79,0
DA:81,0
DA:84,0
DA:85,0
DA:87,0
DA:88,0
DA:90,0
DA:92,0
DA:93,0
DA:95,0
DA:96,0
DA:97,0
DA:98,0
DA:99,0
DA:119,1
DA:120,1
DA:122,1
DA:123,2
DA:124,2
DA:127,1
DA:129,1
DA:130,1
DA:136,1
DA:140,0
DA:141,0
DA:142,0
DA:143,0
DA:146,0
DA:147,0
DA:148,0
DA:149,0
DA:150,0
DA:152,0
DA:153,0
DA:156,0
DA:157,0
DA:159,1
DA:161,1
DA:162,0
DA:163,1
DA:168,1
DA:169,0
DA:170,0
DA:171,0
DA:172,0
DA:173,0
DA:174,0
DA:175,0
DA:187,0
DA:188,0
DA:189,0
DA:193,0
DA:194,0
DA:195,0
DA:199,0
DA:200,0
DA:201,0
DA:202,0
DA:206,0
DA:207,0
DA:208,0
DA:209,0
DA:210,0
DA:211,0
DA:212,0
DA:213,0
DA:214,0
DA:215,0
DA:216,0
DA:217,0
LF:99
LH:36
end_of_record
SF:lib\Pages\stop_history.dart
DA:14,1
DA:16,0
DA:17,0
DA:21,0
DA:23,0
DA:24,0
DA:25,0
DA:28,0
DA:29,0
DA:33,0
DA:34,0
DA:35,0
DA:36,0
DA:37,0
DA:38,0
DA:39,0
DA:40,0
DA:42,0
DA:46,0
DA:47,0
DA:48,0
DA:49,0
DA:50,0
DA:51,0
LF:24
LH:1
end_of_record
SF:lib\main.dart
DA:22,0
DA:24,0
DA:25,0
DA:26,0
DA:27,0
DA:30,0
DA:31,0
DA:33,0
DA:34,0
DA:36,0
DA:37,0
DA:39,0
DA:40,0
DA:41,0
DA:42,0
DA:43,0
DA:44,0
DA:45,0
DA:46,0
DA:48,0
DA:49,0
DA:51,0
DA:60,0
DA:62,0
DA:63,0
DA:65,0
DA:68,0
DA:70,0
DA:73,0
DA:75,0
DA:81,1
DA:83,0
DA:85,0
DA:87,0
DA:88,0
LF:35
LH:1
end_of_record
SF:lib\provider\firebase_provider.dart
DA:7,1
DA:8,3
DA:16,1
DA:17,1
DA:18,3
DA:19,1
DA:20,1
DA:21,1
DA:24,2
DA:25,3
DA:26,1
DA:27,1
DA:28,1
DA:29,3
DA:30,1
DA:31,1
DA:33,0
DA:34,0
DA:35,0
DA:36,0
DA:37,0
DA:38,0
DA:39,0
DA:40,0
DA:41,0
DA:42,0
DA:45,0
DA:46,0
DA:49,0
DA:50,0
DA:52,0
DA:53,0
DA:54,0
DA:55,0
LF:34
LH:16
end_of_record
SF:lib\provider\local_storage_provider.dart
DA:10,0
DA:11,0
LF:2
LH:0
end_of_record
SF:lib\styles\theme.dart
DA:4,1
DA:5,1
DA:7,1
DA:8,1
DA:9,1
DA:12,1
DA:13,1
DA:14,1
DA:16,1
DA:17,1
LF:10
LH:10
end_of_record
SF:lib\widgets\arrival_and_departure_list.dart
DA:13,1
DA:16,1
DA:18,1
DA:22,1
DA:24,1
DA:26,1
DA:27,1
DA:29,2
DA:30,4
DA:31,1
DA:32,1
DA:33,3
DA:34,2
DA:37,0
LF:14
LH:13
end_of_record
SF:lib\widgets\loading.dart
DA:4,2
DA:6,1
DA:7,1
DA:14,1
DA:16,1
DA:18,5
DA:19,1
DA:20,2
DA:21,1
DA:27,1
DA:29,1
LF:11
LH:11
end_of_record
SF:lib\widgets\marker_sheet.dart
DA:15,1
DA:17,1
DA:19,1
DA:20,1
DA:21,1
DA:22,1
DA:23,3
DA:24,1
DA:26,4
DA:27,1
DA:28,1
DA:29,3
DA:30,1
DA:32,1
DA:36,1
DA:37,3
DA:42,1
LF:17
LH:17
end_of_record
SF:lib\widgets\route_box.dart
DA:7,1
DA:10,1
DA:11,1
DA:17,1
DA:19,1
DA:20,1
DA:23,3
DA:24,1
DA:25,1
DA:30,1
DA:32,1
DA:34,1
DA:35,2
DA:36,1
DA:37,1
DA:38,2
DA:39,2
DA:42,1
DA:44,1
DA:45,2
DA:46,1
LF:21
LH:21
end_of_record
SF:lib\widgets\route_name.dart
DA:6,2
DA:8,1
DA:10,1
DA:19,1
DA:21,1
DA:23,1
DA:24,4
DA:25,1
DA:26,1
DA:27,1
LF:10
LH:10
end_of_record
SF:lib\widgets\vehicle_sheet.dart
DA:8,2
DA:12,1
DA:14,1
DA:15,1
DA:16,1
DA:21,1
DA:22,1
DA:23,3
DA:24,1
DA:28,1
DA:29,1
DA:30,3
DA:31,1
DA:32,1
DA:33,1
DA:35,1
DA:36,2
DA:37,3
DA:45,1
DA:47,1
DA:48,4
DA:49,3
DA:59,1
DA:60,2
DA:61,1
DA:63,1
LF:26
LH:26
end_of_record
SF:lib\widgets\route_tile.dart
DA:13,1
DA:17,1
DA:18,1
DA:23,1
DA:25,1
DA:26,1
DA:27,1
DA:28,1
DA:29,1
DA:30,1
DA:31,2
DA:32,3
DA:35,3
DA:36,0
DA:38,0
DA:39,0
DA:40,0
DA:42,0
DA:43,0
DA:44,0
DA:47,3
DA:48,2
DA:50,2
DA:51,1
DA:52,0
DA:53,0
DA:55,1
DA:57,3
DA:60,2
DA:61,1
DA:62,0
DA:63,0
DA:65,1
DA:67,3
LF:34
LH:23
end_of_record
SF:lib\widgets\route_list.dart
DA:9,2
DA:11,1
DA:13,1
DA:14,1
DA:15,2
DA:16,0
DA:17,0
DA:20,0
DA:22,0
DA:23,0
DA:25,0
DA:26,0
DA:29,0
DA:31,0
DA:33,0
DA:34,0
DA:35,0
DA:36,0
DA:38,0
DA:40,0
DA:43,0
DA:45,0
DA:47,0
LF:23
LH:5
end_of_record
SF:lib\Pages\check_auth.dart
DA:9,1
DA:11,0
DA:12,0
DA:19,0
DA:21,0
DA:22,0
DA:23,0
DA:24,0
DA:25,0
LF:9
LH:1
end_of_record
SF:lib\classes\firebase.dart
DA:4,0
DA:5,0
DA:6,0
DA:7,0
DA:8,0
LF:5
LH:0
end_of_record
SF:lib\widgets\nav_drawer.dart
DA:7,1
DA:9,1
DA:11,1
DA:13,4
DA:14,1
DA:16,1
DA:17,1
DA:18,2
DA:24,2
DA:25,1
DA:26,3
DA:29,1
DA:30,1
DA:31,1
DA:33,1
DA:35,1
DA:37,1
DA:38,1
DA:40,2
DA:42,1
DA:44,3
DA:46,1
DA:47,1
DA:50,3
DA:52,1
DA:53,1
DA:55,2
DA:57,1
DA:59,3
DA:61,0
DA:62,0
DA:65,3
DA:66,1
DA:67,1
DA:69,2
DA:71,1
DA:73,3
DA:75,1
DA:76,1
DA:80,2
DA:81,3
DA:83,1
DA:84,1
DA:86,2
DA:88,1
DA:90,3
DA:92,0
DA:93,0
LF:48
LH:44
end_of_record
SF:lib\widgets\history_tile.dart
DA:14,0
DA:18,0
DA:19,0
DA:23,0
DA:25,0
DA:26,0
DA:27,0
DA:28,0
DA:29,0
DA:30,0
DA:31,0
DA:35,0
DA:36,0
DA:37,0
DA:38,0
DA:41,0
DA:42,0
DA:43,0
DA:44,0
DA:46,0
DA:48,0
DA:51,0
DA:52,0
DA:53,0
DA:54,0
DA:55,0
DA:57,0
DA:59,0
LF:28
LH:0
end_of_record
SF:lib\styles\tile_style.dart
DA:4,0
DA:11,1
LF:2
LH:1
end_of_record
SF:lib\widgets\arrival_and_departure_tile.dart
DA:17,1
DA:23,1
DA:25,1
DA:34,1
DA:36,1
DA:41,0
DA:42,0
DA:44,0
DA:45,0
DA:75,1
DA:77,1
DA:78,1
DA:79,1
DA:83,1
DA:84,1
DA:85,1
DA:86,3
DA:89,1
DA:90,1
DA:92,1
DA:93,3
DA:126,1
DA:131,0
DA:132,0
DA:135,0
DA:138,0
DA:140,0
DA:144,1
DA:145,3
DA:146,3
DA:153,0
DA:154,0
DA:155,0
DA:156,0
DA:157,0
DA:158,0
DA:159,0
DA:160,0
DA:161,0
DA:162,0
DA:164,0
DA:165,0
DA:166,0
DA:167,0
DA:174,1
DA:176,2
DA:177,0
DA:179,1
DA:181,2
DA:183,1
DA:184,1
DA:185,1
DA:187,1
DA:190,0
LF:54
LH:29
end_of_record
SF:lib\widgets\favorite_button.dart
DA:9,1
DA:17,1
DA:18,1
DA:38,1
DA:41,1
DA:42,3
DA:44,1
DA:46,1
DA:47,1
DA:55,0
DA:56,0
DA:61,0
DA:63,0
DA:66,0
DA:71,0
DA:72,0
LF:16
LH:9
end_of_record
