SF:lib\classes\arrival_and_departure.dart
DA:23,1
LF:1
LH:1
end_of_record
SF:lib\classes\route.dart
DA:9,1
LF:1
LH:1
end_of_record
SF:lib\classes\stop.dart
DA:20,1
DA:31,0
DA:32,0
DA:34,0
DA:35,0
DA:37,0
DA:38,0
DA:39,0
DA:40,0
DA:43,0
DA:44,0
DA:46,0
DA:47,0
DA:48,0
DA:49,0
DA:51,0
DA:52,0
DA:54,0
DA:55,0
DA:57,0
DA:58,0
DA:60,0
DA:64,0
DA:68,0
DA:70,0
DA:74,0
DA:81,0
DA:88,0
DA:93,0
DA:114,1
DA:116,4
DA:117,2
DA:119,1
DA:121,1
DA:122,0
DA:123,0
DA:124,0
DA:125,0
DA:127,0
DA:129,0
DA:130,0
DA:131,0
DA:133,0
DA:135,0
DA:137,0
DA:139,0
DA:140,0
DA:142,0
DA:144,0
DA:146,0
DA:148,0
DA:152,0
DA:153,0
DA:159,0
LF:54
LH:6
end_of_record
SF:lib\classes\trip_status.dart
DA:25,1
LF:1
LH:1
end_of_record
SF:lib\classes\user.dart
DA:8,1
DA:16,0
DA:17,0
DA:18,0
DA:19,0
DA:20,0
DA:21,0
DA:22,0
DA:26,0
DA:27,0
DA:28,0
DA:29,0
DA:30,0
DA:31,0
LF:14
LH:1
end_of_record
SF:lib\classes\vehicle.dart
DA:10,1
LF:1
LH:1
end_of_record
SF:lib\provider\route_provider.dart
DA:11,1
DA:12,2
DA:13,1
DA:16,1
DA:17,1
DA:18,1
DA:21,1
DA:22,1
DA:25,1
DA:26,2
DA:27,1
DA:35,1
DA:38,1
DA:39,2
DA:40,1
LF:15
LH:15
end_of_record
SF:lib\provider\state_info.dart
DA:15,2
DA:16,2
DA:36,4
DA:37,8
DA:38,4
DA:39,1
DA:40,3
DA:41,1
DA:42,0
DA:44,0
DA:45,0
DA:47,0
DA:48,0
DA:52,0
DA:55,0
DA:58,0
DA:66,2
DA:67,2
DA:68,2
DA:70,1
DA:71,3
DA:74,2
DA:75,1
DA:79,1
DA:82,1
DA:84,3
DA:85,3
DA:87,5
DA:88,5
DA:90,6
DA:91,9
DA:92,5
DA:93,1
DA:95,2
DA:96,1
DA:99,1
DA:101,1
DA:104,4
DA:106,2
DA:107,2
DA:108,3
DA:109,2
DA:110,2
DA:111,4
DA:117,1
DA:118,2
DA:119,2
DA:121,2
DA:122,0
DA:123,0
DA:125,0
DA:126,0
DA:129,1
DA:132,1
DA:133,1
DA:134,4
DA:135,2
DA:136,1
DA:137,2
DA:138,1
DA:142,1
DA:143,3
DA:144,4
DA:145,4
DA:148,3
DA:150,0
DA:154,3
DA:156,1
DA:157,1
DA:158,1
DA:159,1
DA:160,1
DA:161,1
DA:162,3
DA:165,1
DA:167,3
DA:172,1
DA:173,3
DA:174,4
DA:175,4
DA:178,3
DA:180,0
DA:184,3
DA:185,3
DA:186,4
DA:188,1
DA:189,1
DA:190,1
DA:191,1
DA:192,1
DA:194,1
DA:205,1
DA:206,1
DA:207,4
DA:208,2
DA:209,1
DA:210,2
DA:211,1
DA:215,1
DA:217,2
DA:218,2
DA:220,4
DA:222,2
DA:223,1
DA:224,2
DA:225,3
DA:227,1
DA:230,1
DA:231,3
DA:235,3
DA:237,0
DA:242,3
DA:244,0
DA:247,3
DA:250,3
DA:252,0
DA:255,3
DA:257,3
DA:266,1
DA:267,1
DA:270,2
DA:274,4
DA:277,1
DA:280,2
DA:282,1
DA:283,1
DA:284,2
DA:286,1
DA:287,1
DA:291,1
DA:292,1
DA:295,3
DA:296,1
DA:299,1
DA:300,1
DA:304,1
DA:310,1
DA:312,0
DA:315,1
DA:316,1
DA:320,0
DA:321,0
DA:322,0
DA:323,0
DA:324,0
DA:326,0
DA:327,0
DA:328,0
DA:329,0
DA:330,0
DA:332,0
DA:334,0
DA:340,2
DA:341,1
DA:344,1
DA:346,2
DA:350,1
DA:351,1
DA:352,1
DA:354,1
DA:357,1
DA:358,1
DA:359,1
DA:360,3
DA:361,3
LF:165
LH:135
end_of_record
SF:lib\OneBusAway\routes.dart
DA:4,1
DA:5,1
DA:8,0
DA:9,0
DA:12,0
DA:13,0
DA:16,1
DA:17,1
DA:20,0
DA:21,0
DA:24,0
DA:25,0
DA:28,1
DA:29,1
DA:32,1
DA:33,1
DA:36,1
DA:37,1
DA:40,0
DA:41,0
LF:20
LH:10
end_of_record
SF:lib\classes\fav_route.dart
DA:5,0
DA:7,0
DA:8,0
LF:3
LH:0
end_of_record
SF:lib\Pages\check_auth.dart
DA:7,2
DA:9,0
DA:10,0
DA:17,0
DA:19,0
DA:20,0
DA:21,0
DA:22,0
LF:8
LH:1
end_of_record
SF:lib\Pages\favorites_screen.dart
DA:17,2
DA:19,0
DA:20,0
DA:56,0
DA:58,0
DA:59,0
DA:61,0
DA:62,0
DA:63,0
DA:66,0
DA:67,0
DA:71,0
DA:72,0
DA:73,0
DA:74,0
DA:76,0
DA:77,0
DA:78,0
DA:79,0
DA:80,0
DA:87,0
DA:88,0
DA:89,0
DA:90,0
DA:91,0
DA:92,0
DA:93,0
DA:94,0
LF:28
LH:1
end_of_record
SF:lib\Pages\login_screen.dart
DA:7,2
DA:9,1
DA:10,1
DA:20,1
DA:22,2
DA:23,4
DA:24,0
DA:25,0
DA:26,0
DA:31,0
DA:33,0
DA:34,0
DA:35,0
DA:36,0
DA:37,0
DA:38,0
DA:43,1
DA:47,0
DA:49,0
DA:54,0
DA:60,1
DA:61,1
DA:66,1
DA:72,1
DA:73,1
DA:78,1
DA:84,1
DA:85,1
DA:86,2
DA:91,1
DA:92,1
DA:95,2
DA:96,2
DA:100,1
DA:101,1
DA:103,0
DA:104,0
DA:105,0
DA:108,2
DA:112,1
DA:114,1
DA:115,1
DA:116,1
DA:118,1
DA:119,1
DA:121,1
DA:124,1
DA:125,1
DA:126,2
DA:127,2
DA:128,1
DA:129,1
DA:130,1
LF:53
LH:37
end_of_record
SF:lib\Pages\maps_screen.dart
DA:18,3
DA:20,1
DA:21,1
DA:34,1
DA:36,1
DA:37,3
DA:38,1
DA:39,1
DA:44,1
DA:51,1
DA:52,1
DA:54,1
DA:55,1
DA:56,1
DA:58,3
DA:60,2
DA:61,0
DA:62,0
DA:63,0
DA:64,0
DA:65,0
DA:69,1
DA:71,0
DA:72,0
DA:73,0
DA:77,1
DA:78,1
DA:79,0
DA:80,0
DA:82,0
DA:83,0
DA:85,0
DA:88,0
DA:89,0
DA:91,0
DA:92,0
DA:94,0
DA:96,0
DA:97,0
DA:99,0
DA:100,0
DA:101,0
DA:102,0
DA:103,0
DA:123,1
DA:124,1
DA:126,0
DA:127,0
DA:128,0
DA:131,1
DA:133,1
DA:134,1
DA:140,1
DA:144,0
DA:145,0
DA:146,0
DA:147,0
DA:150,0
DA:151,0
DA:152,0
DA:153,0
DA:154,0
DA:156,0
DA:157,0
DA:160,0
DA:161,0
DA:163,1
DA:165,1
DA:166,0
DA:167,1
DA:172,1
DA:173,0
DA:174,0
DA:175,0
DA:176,0
DA:177,0
DA:178,0
DA:179,0
DA:191,0
DA:192,0
DA:193,0
DA:197,0
DA:198,0
DA:199,0
DA:203,0
DA:204,0
DA:205,0
DA:206,0
DA:210,0
DA:211,0
DA:212,0
DA:213,0
DA:214,0
DA:215,0
DA:216,0
DA:217,0
DA:218,0
DA:219,0
DA:220,0
DA:221,0
LF:100
LH:29
end_of_record
SF:lib\classes\auth.dart
DA:6,0
DA:8,0
DA:10,1
DA:14,2
DA:18,0
DA:22,0
DA:26,0
DA:27,0
LF:8
LH:2
end_of_record
SF:lib\main.dart
DA:16,0
DA:18,0
DA:19,0
DA:20,0
DA:21,0
DA:24,0
DA:26,0
DA:27,0
DA:28,0
DA:30,0
DA:31,0
DA:32,0
DA:33,0
DA:34,0
DA:35,0
DA:45,0
DA:47,0
DA:48,0
DA:50,0
DA:53,0
DA:55,0
DA:62,1
DA:64,0
DA:66,0
DA:68,0
DA:69,0
LF:26
LH:1
end_of_record
SF:lib\provider\local_storage_provider.dart
DA:7,0
DA:13,0
DA:14,0
DA:17,0
DA:18,0
DA:19,0
DA:24,0
DA:25,0
DA:26,0
DA:30,0
DA:31,0
DA:32,0
DA:33,0
DA:34,0
DA:37,0
DA:38,0
DA:39,0
LF:17
LH:0
end_of_record
SF:lib\provider\firebase_provider.dart
DA:6,0
DA:11,0
DA:12,0
DA:13,0
DA:14,0
DA:15,0
DA:16,0
DA:19,0
DA:20,0
DA:21,0
DA:22,0
DA:23,0
DA:24,0
DA:25,0
DA:26,0
DA:28,0
DA:29,0
DA:30,0
DA:31,0
DA:32,0
DA:33,0
DA:34,0
DA:35,0
DA:36,0
DA:37,0
DA:40,0
DA:41,0
DA:44,0
DA:45,0
DA:47,0
DA:48,0
DA:49,0
DA:50,0
LF:33
LH:0
end_of_record
SF:lib\widgets\route_tile.dart
DA:13,0
DA:17,0
DA:18,0
DA:23,0
DA:25,0
DA:26,0
DA:27,0
DA:28,0
DA:29,0
DA:30,0
DA:31,0
DA:34,0
DA:35,0
DA:37,0
DA:38,0
DA:39,0
DA:41,0
DA:42,0
DA:43,0
DA:46,0
DA:47,0
DA:49,0
DA:50,0
DA:51,0
DA:52,0
DA:54,0
DA:56,0
DA:59,0
DA:60,0
DA:61,0
DA:62,0
DA:64,0
DA:66,0
LF:33
LH:0
end_of_record
SF:lib\classes\firebase.dart
DA:4,0
DA:5,0
DA:6,0
DA:7,0
DA:8,0
LF:5
LH:0
end_of_record
SF:lib\widgets\marker_sheet.dart
DA:14,0
DA:16,0
DA:18,0
DA:19,0
DA:20,0
DA:21,0
DA:22,0
DA:23,0
DA:25,0
DA:26,0
DA:27,0
DA:28,0
DA:29,0
DA:31,0
DA:35,0
DA:36,0
DA:41,0
LF:17
LH:0
end_of_record
SF:lib\widgets\nav_drawer.dart
DA:7,1
DA:9,0
DA:11,0
DA:12,0
DA:13,0
DA:15,0
DA:16,0
DA:17,0
DA:23,0
DA:24,0
DA:25,0
DA:28,0
DA:30,0
DA:32,0
DA:34,0
DA:35,0
DA:37,0
DA:39,0
DA:41,0
DA:43,0
DA:44,0
DA:47,0
DA:49,0
DA:50,0
DA:52,0
DA:54,0
DA:56,0
DA:58,0
DA:59,0
DA:63,0
DA:64,0
DA:66,0
DA:67,0
DA:69,0
DA:71,0
DA:73,0
DA:75,0
DA:76,0
LF:38
LH:1
end_of_record
SF:lib\widgets\route_list.dart
DA:9,1
DA:11,0
DA:13,0
DA:14,0
DA:15,0
DA:16,0
DA:17,0
DA:20,0
DA:22,0
DA:23,0
DA:25,0
DA:26,0
DA:29,0
DA:31,0
DA:33,0
DA:34,0
DA:35,0
DA:36,0
DA:38,0
DA:40,0
DA:43,0
DA:45,0
DA:47,0
LF:23
LH:1
end_of_record
SF:lib\widgets\vehicle_sheet.dart
DA:11,1
DA:14,0
DA:16,0
DA:17,0
DA:18,0
DA:23,0
DA:24,0
DA:25,0
DA:26,0
DA:30,0
DA:31,0
DA:32,0
DA:33,0
DA:34,0
DA:35,0
DA:36,0
DA:38,0
DA:39,0
DA:40,0
DA:50,0
DA:52,0
DA:53,0
DA:54,0
DA:64,0
DA:65,0
DA:66,0
DA:68,0
LF:27
LH:1
end_of_record
SF:lib\styles\theme.dart
DA:4,0
DA:5,0
DA:7,0
DA:8,0
DA:9,0
DA:12,0
DA:13,0
DA:14,0
DA:16,0
DA:17,0
LF:10
LH:0
end_of_record
SF:lib\styles\tile_style.dart
DA:4,0
DA:11,0
LF:2
LH:0
end_of_record
SF:lib\widgets\arrival_and_departure_list.dart
DA:13,0
DA:16,0
DA:18,0
DA:22,0
DA:24,0
DA:26,0
DA:27,0
DA:29,0
DA:30,0
DA:31,0
DA:32,0
DA:33,0
DA:34,0
DA:37,0
LF:14
LH:0
end_of_record
SF:lib\widgets\arrival_and_departure_tile.dart
DA:17,0
DA:23,0
DA:25,0
DA:34,0
DA:36,0
DA:41,0
DA:42,0
DA:45,0
DA:47,0
DA:49,0
DA:52,0
DA:53,0
DA:55,0
DA:56,0
DA:86,0
DA:88,0
DA:89,0
DA:90,0
DA:94,0
DA:95,0
DA:96,0
DA:97,0
DA:100,0
DA:101,0
DA:103,0
DA:104,0
DA:137,0
DA:142,0
DA:143,0
DA:146,0
DA:149,0
DA:151,0
DA:155,0
DA:156,0
DA:157,0
DA:164,0
DA:165,0
DA:166,0
DA:167,0
DA:168,0
DA:169,0
DA:170,0
DA:171,0
DA:172,0
DA:173,0
DA:175,0
DA:176,0
DA:177,0
DA:178,0
DA:185,0
DA:187,0
DA:188,0
DA:190,0
DA:192,0
DA:194,0
DA:195,0
DA:196,0
DA:198,0
DA:201,0
LF:59
LH:0
end_of_record
SF:lib\widgets\route_box.dart
DA:7,0
DA:10,0
DA:11,0
DA:17,0
DA:19,0
DA:20,0
DA:22,0
DA:23,0
DA:24,0
DA:29,0
DA:31,0
DA:33,0
DA:34,0
DA:35,0
DA:36,0
DA:37,0
DA:38,0
DA:41,0
DA:43,0
DA:44,0
DA:45,0
LF:21
LH:0
end_of_record
SF:lib\widgets\favorite_button.dart
DA:9,0
DA:17,0
DA:18,0
DA:38,0
DA:41,0
DA:42,0
DA:43,0
DA:45,0
DA:47,0
DA:48,0
DA:56,0
DA:57,0
DA:62,0
DA:64,0
DA:67,0
DA:72,0
DA:73,0
LF:17
LH:0
end_of_record
SF:lib\widgets\loading.dart
DA:4,1
DA:6,0
DA:7,0
DA:14,0
DA:16,0
DA:17,0
DA:18,0
DA:19,0
DA:20,0
DA:26,0
DA:28,0
LF:11
LH:1
end_of_record
SF:lib\widgets\route_name.dart
DA:6,0
DA:8,0
DA:10,0
DA:19,0
DA:21,0
DA:23,0
DA:24,0
DA:25,0
DA:26,0
DA:27,0
LF:10
LH:0
end_of_record
